The flag 'directory' used in rule all is only valid for outputs, not inputs.
The flag 'directory' used in rule all is only valid for outputs, not inputs.
The flag 'directory' used in rule all is only valid for outputs, not inputs.
Building DAG of jobs...
Using shell: /usr/bin/bash
Provided cores: 12
Rules claiming more threads will be scaled down.
Job stats:
job          count
---------  -------
all              1
diversity        3
make_tree        1
total            5

Resources before job selection: {'_cores': 12, '_nodes': 9223372036854775807}
Ready jobs (1)
Select jobs to execute...
Using greedy selector because only single job has to be scheduled.
Selected jobs (1)
Resources after job selection: {'_cores': 11, '_nodes': 9223372036854775806}

[Sat Feb  7 15:46:32 2026]
rule make_tree:
    input: 02_repSeqs_uterine_swab.qza, /projects/c829993361@colostate.edu/microbiome_taxonomy/greengenes_2022.10/ftp.microbio.me/greengenes_release/2022.10-rc1/2022.10.backbone.sepp-reference.qza
    output: 03_uterine_swab_tree_greengenes.qza, 03_uterine_swab_tree_placements_greengenes.qza
    jobid: 18
    reason: Missing output files: 03_uterine_swab_tree_greengenes.qza
    resources: tmpdir=/scratch/alpine/c829993361@colostate.edu/.tmp

qiime fragment-insertion sepp 		--i-representative-sequences 02_repSeqs_uterine_swab.qza 		--i-reference-database /projects/c829993361@colostate.edu/microbiome_taxonomy/greengenes_2022.10/ftp.microbio.me/greengenes_release/2022.10-rc1/2022.10.backbone.sepp-reference.qza 		--p-threads 0 		--use-cache /scratch/alpine/c829993361@colostate.edu/tmp/qiime2/ 		--o-tree 03_uterine_swab_tree_greengenes.qza 		--o-placements 03_uterine_swab_tree_placements_greengenes.qza
ValueError: --use-cache expected a path to an existing cache as an argument but received '/scratch/alpine/c829993361@colostate.edu/tmp/qiime2/' which is not a path to an existing cache.

An error has been encountered:

  --use-cache expected a path to an existing cache as an argument but received '/scratch/alpine/c829993361@colostate.edu/tmp/qiime2/' which is not a path to an existing cache.

See above for debug info.
Full Traceback (most recent call last):
  File "/projects/c829993361@colostate.edu/software/anaconda/envs/qiime2-amplicon-2024.10/lib/python3.10/site-packages/snakemake/executors/__init__.py", line 2656, in run_wrapper
    run(
  File "/gpfs/alpine1/scratch/c829993361@colostate.edu/Equine_Microbiome_Uterine_Swabs/03.taxonomy_greengenes", line 311, in __rule_make_tree
  File "/projects/c829993361@colostate.edu/software/anaconda/envs/qiime2-amplicon-2024.10/lib/python3.10/site-packages/snakemake/shell.py", line 294, in __new__
    raise sp.CalledProcessError(retcode, cmd)
subprocess.CalledProcessError: Command 'set -euo pipefail;  qiime fragment-insertion sepp 		--i-representative-sequences 02_repSeqs_uterine_swab.qza 		--i-reference-database /projects/c829993361@colostate.edu/microbiome_taxonomy/greengenes_2022.10/ftp.microbio.me/greengenes_release/2022.10-rc1/2022.10.backbone.sepp-reference.qza 		--p-threads 0 		--use-cache /scratch/alpine/c829993361@colostate.edu/tmp/qiime2/ 		--o-tree 03_uterine_swab_tree_greengenes.qza 		--o-placements 03_uterine_swab_tree_placements_greengenes.qza' returned non-zero exit status 1.

[Sat Feb  7 15:46:34 2026]
Error in rule make_tree:
    jobid: 18
    input: 02_repSeqs_uterine_swab.qza, /projects/c829993361@colostate.edu/microbiome_taxonomy/greengenes_2022.10/ftp.microbio.me/greengenes_release/2022.10-rc1/2022.10.backbone.sepp-reference.qza
    output: 03_uterine_swab_tree_greengenes.qza, 03_uterine_swab_tree_placements_greengenes.qza
    shell:
        qiime fragment-insertion sepp 		--i-representative-sequences 02_repSeqs_uterine_swab.qza 		--i-reference-database /projects/c829993361@colostate.edu/microbiome_taxonomy/greengenes_2022.10/ftp.microbio.me/greengenes_release/2022.10-rc1/2022.10.backbone.sepp-reference.qza 		--p-threads 0 		--use-cache /scratch/alpine/c829993361@colostate.edu/tmp/qiime2/ 		--o-tree 03_uterine_swab_tree_greengenes.qza 		--o-placements 03_uterine_swab_tree_placements_greengenes.qza
        (one of the commands exited with non-zero exit code; note that snakemake uses bash strict mode!)

Full Traceback (most recent call last):
  File "/projects/c829993361@colostate.edu/software/anaconda/envs/qiime2-amplicon-2024.10/lib/python3.10/site-packages/snakemake/executors/__init__.py", line 2656, in run_wrapper
    run(
  File "/gpfs/alpine1/scratch/c829993361@colostate.edu/Equine_Microbiome_Uterine_Swabs/03.taxonomy_greengenes", line 311, in __rule_make_tree
  File "/projects/c829993361@colostate.edu/software/anaconda/envs/qiime2-amplicon-2024.10/lib/python3.10/site-packages/snakemake/shell.py", line 294, in __new__
    raise sp.CalledProcessError(retcode, cmd)
subprocess.CalledProcessError: Command 'set -euo pipefail;  qiime fragment-insertion sepp 		--i-representative-sequences 02_repSeqs_uterine_swab.qza 		--i-reference-database /projects/c829993361@colostate.edu/microbiome_taxonomy/greengenes_2022.10/ftp.microbio.me/greengenes_release/2022.10-rc1/2022.10.backbone.sepp-reference.qza 		--p-threads 0 		--use-cache /scratch/alpine/c829993361@colostate.edu/tmp/qiime2/ 		--o-tree 03_uterine_swab_tree_greengenes.qza 		--o-placements 03_uterine_swab_tree_placements_greengenes.qza' returned non-zero exit status 1.

During handling of the above exception, another exception occurred:

Traceback (most recent call last):
  File "/projects/c829993361@colostate.edu/software/anaconda/envs/qiime2-amplicon-2024.10/lib/python3.10/site-packages/snakemake/executors/__init__.py", line 715, in _callback
    raise ex
  File "/projects/c829993361@colostate.edu/software/anaconda/envs/qiime2-amplicon-2024.10/lib/python3.10/concurrent/futures/thread.py", line 58, in run
    result = self.fn(*self.args, **self.kwargs)
  File "/projects/c829993361@colostate.edu/software/anaconda/envs/qiime2-amplicon-2024.10/lib/python3.10/site-packages/snakemake/executors/__init__.py", line 699, in cached_or_run
    run_func(*args)
  File "/projects/c829993361@colostate.edu/software/anaconda/envs/qiime2-amplicon-2024.10/lib/python3.10/site-packages/snakemake/executors/__init__.py", line 2692, in run_wrapper
    raise RuleException(
snakemake.exceptions.RuleException: CalledProcessError in file /gpfs/alpine1/scratch/c829993361@colostate.edu/Equine_Microbiome_Uterine_Swabs/03.taxonomy_greengenes, line 137:
Command 'set -euo pipefail;  qiime fragment-insertion sepp 		--i-representative-sequences 02_repSeqs_uterine_swab.qza 		--i-reference-database /projects/c829993361@colostate.edu/microbiome_taxonomy/greengenes_2022.10/ftp.microbio.me/greengenes_release/2022.10-rc1/2022.10.backbone.sepp-reference.qza 		--p-threads 0 		--use-cache /scratch/alpine/c829993361@colostate.edu/tmp/qiime2/ 		--o-tree 03_uterine_swab_tree_greengenes.qza 		--o-placements 03_uterine_swab_tree_placements_greengenes.qza' returned non-zero exit status 1.
  File "/gpfs/alpine1/scratch/c829993361@colostate.edu/Equine_Microbiome_Uterine_Swabs/03.taxonomy_greengenes", line 137, in __rule_make_tree

RuleException:
CalledProcessError in file /gpfs/alpine1/scratch/c829993361@colostate.edu/Equine_Microbiome_Uterine_Swabs/03.taxonomy_greengenes, line 137:
Command 'set -euo pipefail;  qiime fragment-insertion sepp 		--i-representative-sequences 02_repSeqs_uterine_swab.qza 		--i-reference-database /projects/c829993361@colostate.edu/microbiome_taxonomy/greengenes_2022.10/ftp.microbio.me/greengenes_release/2022.10-rc1/2022.10.backbone.sepp-reference.qza 		--p-threads 0 		--use-cache /scratch/alpine/c829993361@colostate.edu/tmp/qiime2/ 		--o-tree 03_uterine_swab_tree_greengenes.qza 		--o-placements 03_uterine_swab_tree_placements_greengenes.qza' returned non-zero exit status 1.
  File "/gpfs/alpine1/scratch/c829993361@colostate.edu/Equine_Microbiome_Uterine_Swabs/03.taxonomy_greengenes", line 137, in __rule_make_tree
  File "/projects/c829993361@colostate.edu/software/anaconda/envs/qiime2-amplicon-2024.10/lib/python3.10/concurrent/futures/thread.py", line 58, in run
Shutting down, this might take some time.
Exiting because a job execution failed. Look above for error message
Complete log: .snakemake/log/2026-02-07T154629.689694.snakemake.log
unlocking
removing lock
removing lock
removed all locks
